<?xml version="1.0" encoding="UTF-8"?>
<beans xmlns="http://www.springframework.org/schema/beans"
       xmlns:xsi="http://www.w3.org/2001/XMLSchema-instance"
       xsi:schemaLocation="http://www.springframework.org/schema/beans http://www.springframework.org/schema/beans/spring-beans.xsd">
  <bean id="integrationTestResult" class="java.lang.String">
    <constructor-arg value="${integrationTestResult:pass}"/>
  </bean>
  <bean id="unitTestResult" class="java.lang.String">
    <constructor-arg value="${unitTestResult:pass}"/>
  </bean>
  <bean id="propertiesConfigurer" class="org.springframework.beans.factory.config.PropertyPlaceholderConfigurer">

  </bean>
</beans>